<?xml version="1.0" encoding="UTF-8"?>
<coverage generated="1701908199078" clover="3.2.0">
  <project timestamp="1701908199078" name="All files">
    <metrics statements="10" coveredstatements="9" conditionals="4" coveredconditionals="2" methods="5" coveredmethods="5" elements="19" coveredelements="16" complexity="0" loc="10" ncloc="10" packages="1" files="2" classes="2"/>
    <file name="calculadora.js" path="C:\Users\USER\Desktop\Dev\DoDev\nodejs-dodev\calculadora.js">
      <metrics statements="5" coveredstatements="5" conditionals="0" coveredconditionals="0" methods="4" coveredmethods="4"/>
      <line num="2" count="1" type="stmt"/>
      <line num="6" count="1" type="stmt"/>
      <line num="10" count="1" type="stmt"/>
      <line num="14" count="1" type="stmt"/>
      <line num="17" count="1" type="stmt"/>
    </file>
    <file name="consumoMedio.js" path="C:\Users\USER\Desktop\Dev\DoDev\nodejs-dodev\consumoMedio.js">
      <metrics statements="5" coveredstatements="4" conditionals="4" coveredconditionals="2" methods="1" coveredmethods="1"/>
      <line num="2" count="1" type="cond" truecount="1" falsecount="1"/>
      <line num="3" count="0" type="stmt"/>
      <line num="4" count="1" type="cond" truecount="1" falsecount="1"/>
      <line num="5" count="1" type="stmt"/>
      <line num="9" count="1" type="stmt"/>
    </file>
  </project>
</coverage>
